0 info it worked if it ends with ok
1 verbose cli [ '/Users/chuanruili/.nvm/v0.10.29/bin/node',
1 verbose cli   '/Users/chuanruili/.nvm/v0.10.29/bin/npm',
1 verbose cli   'install',
1 verbose cli   '-g',
1 verbose cli   'express' ]
2 info using npm@1.4.14
3 info using node@v0.10.29
4 verbose cache add [ 'express', null ]
5 verbose cache add name=undefined spec="express" args=["express",null]
6 verbose parsed url { protocol: null,
6 verbose parsed url   slashes: null,
6 verbose parsed url   auth: null,
6 verbose parsed url   host: null,
6 verbose parsed url   port: null,
6 verbose parsed url   hostname: null,
6 verbose parsed url   hash: null,
6 verbose parsed url   search: null,
6 verbose parsed url   query: null,
6 verbose parsed url   pathname: 'express',
6 verbose parsed url   path: 'express',
6 verbose parsed url   href: 'express' }
7 silly lockFile f3c62de4-express express
8 verbose lock express /Users/chuanruili/.npm/f3c62de4-express.lock
9 silly lockFile f3c62de4-express express
10 silly lockFile f3c62de4-express express
11 verbose addNamed [ 'express', '' ]
12 verbose addNamed [ null, '*' ]
13 silly lockFile 64a534c1-express express@
14 verbose lock express@ /Users/chuanruili/.npm/64a534c1-express.lock
15 silly addNameRange { name: 'express', range: '*', hasData: false }
16 verbose url raw express
17 verbose url resolving [ 'https://registry.npmjs.org/', './express' ]
18 verbose url resolved https://registry.npmjs.org/express
19 info trying registry request attempt 1 at 15:34:28
20 verbose etag "3U5YEZ1MV3NG9B8PFTO53RIKV"
21 http GET https://registry.npmjs.org/express
22 http 200 https://registry.npmjs.org/express
23 silly registry.get cb [ 200,
23 silly registry.get   { date: 'Sat, 29 Nov 2014 20:34:29 GMT',
23 silly registry.get     server: 'CouchDB/1.5.0 (Erlang OTP/R16B03)',
23 silly registry.get     etag: '"905FEBL8TAE3WC4EU689G45TE"',
23 silly registry.get     'content-type': 'application/json',
23 silly registry.get     'cache-control': 'max-age=60',
23 silly registry.get     'content-length': '431343',
23 silly registry.get     'accept-ranges': 'bytes',
23 silly registry.get     via: '1.1 varnish',
23 silly registry.get     age: '9',
23 silly registry.get     'x-served-by': 'cache-iad2132-IAD',
23 silly registry.get     'x-cache': 'HIT',
23 silly registry.get     'x-cache-hits': '2',
23 silly registry.get     'x-timer': 'S1417293269.074515,VS0,VE0',
23 silly registry.get     vary: 'Accept',
23 silly registry.get     'keep-alive': 'timeout=10, max=50',
23 silly registry.get     connection: 'Keep-Alive' } ]
24 silly addNameRange number 2 { name: 'express', range: '*', hasData: true }
25 silly addNameRange versions [ 'express',
25 silly addNameRange   [ '0.14.0',
25 silly addNameRange     '0.14.1',
25 silly addNameRange     '1.0.0',
25 silly addNameRange     '1.0.1',
25 silly addNameRange     '1.0.2',
25 silly addNameRange     '1.0.3',
25 silly addNameRange     '1.0.4',
25 silly addNameRange     '1.0.5',
25 silly addNameRange     '1.0.6',
25 silly addNameRange     '1.0.7',
25 silly addNameRange     '1.0.8',
25 silly addNameRange     '2.0.0',
25 silly addNameRange     '2.1.0',
25 silly addNameRange     '2.1.1',
25 silly addNameRange     '2.2.0',
25 silly addNameRange     '2.2.1',
25 silly addNameRange     '2.2.2',
25 silly addNameRange     '2.3.0',
25 silly addNameRange     '2.3.1',
25 silly addNameRange     '2.3.2',
25 silly addNameRange     '2.3.3',
25 silly addNameRange     '2.3.4',
25 silly addNameRange     '2.3.5',
25 silly addNameRange     '2.3.6',
25 silly addNameRange     '2.3.7',
25 silly addNameRange     '2.3.8',
25 silly addNameRange     '2.3.9',
25 silly addNameRange     '2.3.10',
25 silly addNameRange     '2.3.11',
25 silly addNameRange     '2.3.12',
25 silly addNameRange     '2.4.0',
25 silly addNameRange     '2.4.1',
25 silly addNameRange     '2.4.2',
25 silly addNameRange     '2.4.3',
25 silly addNameRange     '2.4.4',
25 silly addNameRange     '2.4.5',
25 silly addNameRange     '2.4.6',
25 silly addNameRange     '2.4.7',
25 silly addNameRange     '2.5.0',
25 silly addNameRange     '2.5.1',
25 silly addNameRange     '2.5.2',
25 silly addNameRange     '2.5.3',
25 silly addNameRange     '2.5.4',
25 silly addNameRange     '2.5.5',
25 silly addNameRange     '2.5.6',
25 silly addNameRange     '2.5.7',
25 silly addNameRange     '2.5.8',
25 silly addNameRange     '2.5.9',
25 silly addNameRange     '2.5.10',
25 silly addNameRange     '2.5.11',
25 silly addNameRange     '3.0.0',
25 silly addNameRange     '3.0.1',
25 silly addNameRange     '3.0.2',
25 silly addNameRange     '3.0.3',
25 silly addNameRange     '3.0.4',
25 silly addNameRange     '3.0.5',
25 silly addNameRange     '3.0.6',
25 silly addNameRange     '3.1.0',
25 silly addNameRange     '3.1.1',
25 silly addNameRange     '3.1.2',
25 silly addNameRange     '3.2.0',
25 silly addNameRange     '3.2.1',
25 silly addNameRange     '3.2.2',
25 silly addNameRange     '3.2.3',
25 silly addNameRange     '3.2.4',
25 silly addNameRange     '3.2.5',
25 silly addNameRange     '3.2.6',
25 silly addNameRange     '3.3.0',
25 silly addNameRange     '3.3.1',
25 silly addNameRange     '3.3.2',
25 silly addNameRange     '3.3.3',
25 silly addNameRange     '3.3.4',
25 silly addNameRange     '3.3.5',
25 silly addNameRange     '3.3.6',
25 silly addNameRange     '1.0.0-beta',
25 silly addNameRange     '1.0.0-beta2',
25 silly addNameRange     '1.0.0-rc',
25 silly addNameRange     '1.0.0-rc2',
25 silly addNameRange     '1.0.0-rc3',
25 silly addNameRange     '1.0.0-rc4',
25 silly addNameRange     '2.0.0-beta',
25 silly addNameRange     '2.0.0-beta2',
25 silly addNameRange     '2.0.0-beta3',
25 silly addNameRange     '2.0.0-rc',
25 silly addNameRange     '2.0.0-rc2',
25 silly addNameRange     '2.0.0-rc3',
25 silly addNameRange     '3.0.0-alpha1',
25 silly addNameRange     '3.0.0-alpha2',
25 silly addNameRange     '3.0.0-alpha3',
25 silly addNameRange     '3.0.0-alpha4',
25 silly addNameRange     '3.0.0-alpha5',
25 silly addNameRange     '3.0.0-beta1',
25 silly addNameRange     '3.0.0-beta2',
25 silly addNameRange     '3.0.0-beta3',
25 silly addNameRange     '3.0.0-beta4',
25 silly addNameRange     '3.0.0-beta6',
25 silly addNameRange     '3.0.0-beta7',
25 silly addNameRange     '3.0.0-rc1',
25 silly addNameRange     '3.0.0-rc2',
25 silly addNameRange     '3.0.0-rc3',
25 silly addNameRange     '3.0.0-rc4',
25 silly addNameRange     '3.0.0-rc5',
25 silly addNameRange     '3.3.7',
25 silly addNameRange     '3.3.8',
25 silly addNameRange     '3.4.0',
25 silly addNameRange     '3.4.1',
25 silly addNameRange     '3.4.2',
25 silly addNameRange     '3.4.3',
25 silly addNameRange     '3.4.4',
25 silly addNameRange     '3.4.5',
25 silly addNameRange     '3.4.6',
25 silly addNameRange     '3.4.7',
25 silly addNameRange     '3.4.8',
25 silly addNameRange     '4.0.0-rc1',
25 silly addNameRange     '4.0.0-rc2',
25 silly addNameRange     '3.5.0',
25 silly addNameRange     '4.0.0-rc3',
25 silly addNameRange     '4.0.0-rc4',
25 silly addNameRange     '3.5.1',
25 silly addNameRange     '4.0.0',
25 silly addNameRange     '3.5.2',
25 silly addNameRange     '4.1.0',
25 silly addNameRange     '4.1.1',
25 silly addNameRange     '3.5.3',
25 silly addNameRange     '4.1.2',
25 silly addNameRange     '3.6.0',
25 silly addNameRange     '4.2.0',
25 silly addNameRange     '3.7.0',
25 silly addNameRange     '3.8.0',
25 silly addNameRange     '4.3.0',
25 silly addNameRange     '4.3.1',
25 silly addNameRange     '3.8.1',
25 silly addNameRange     '4.3.2',
25 silly addNameRange     '3.9.0',
25 silly addNameRange     '4.4.0',
25 silly addNameRange     '4.4.1',
25 silly addNameRange     '3.10.0',
25 silly addNameRange     '3.10.1',
25 silly addNameRange     '3.10.2',
25 silly addNameRange     '3.10.3',
25 silly addNameRange     '3.10.4',
25 silly addNameRange     '4.4.2',
25 silly addNameRange     '3.10.5',
25 silly addNameRange     '4.4.3',
25 silly addNameRange     '3.11.0',
25 silly addNameRange     '4.4.4',
25 silly addNameRange     '3.12.0',
25 silly addNameRange     '3.12.1',
25 silly addNameRange     '4.4.5',
25 silly addNameRange     '3.13.0',
25 silly addNameRange     '4.5.0',
25 silly addNameRange     '4.5.1',
25 silly addNameRange     '3.14.0',
25 silly addNameRange     '4.6.0',
25 silly addNameRange     '4.6.1',
25 silly addNameRange     '3.15.0',
25 silly addNameRange     '4.7.0',
25 silly addNameRange     '3.15.1',
25 silly addNameRange     '4.7.1',
25 silly addNameRange     '3.15.2',
25 silly addNameRange     '4.7.2',
25 silly addNameRange     '4.7.3',
25 silly addNameRange     '3.15.3',
25 silly addNameRange     '4.7.4',
25 silly addNameRange     '3.16.0',
25 silly addNameRange     '4.8.0',
25 silly addNameRange     '3.16.1',
25 silly addNameRange     '4.8.1',
25 silly addNameRange     '3.16.2',
25 silly addNameRange     '4.8.2',
25 silly addNameRange     '3.16.3',
25 silly addNameRange     '3.16.4',
25 silly addNameRange     '4.8.3',
25 silly addNameRange     '3.16.5',
25 silly addNameRange     '3.16.6',
25 silly addNameRange     '4.8.4',
25 silly addNameRange     '3.16.7',
25 silly addNameRange     '4.8.5',
25 silly addNameRange     '3.16.8',
25 silly addNameRange     '4.8.6',
25 silly addNameRange     '3.16.9',
25 silly addNameRange     '4.8.7',
25 silly addNameRange     '3.16.10',
25 silly addNameRange     '4.8.8',
25 silly addNameRange     '3.17.0',
25 silly addNameRange     '3.17.1',
25 silly addNameRange     '4.9.0',
25 silly addNameRange     '3.17.2',
25 silly addNameRange     '4.9.1',
25 silly addNameRange     '4.9.2',
25 silly addNameRange     '3.17.3',
25 silly addNameRange     '4.9.3',
25 silly addNameRange     '3.17.4',
25 silly addNameRange     '4.9.4',
25 silly addNameRange     '3.17.5',
25 silly addNameRange     '4.9.5',
25 silly addNameRange     '3.17.6',
25 silly addNameRange     '3.17.7',
25 silly addNameRange     '4.9.6',
25 silly addNameRange     '4.9.7',
25 silly addNameRange     '3.17.8',
25 silly addNameRange     '4.9.8',
25 silly addNameRange     '3.18.0',
25 silly addNameRange     '3.18.1',
25 silly addNameRange     '4.10.0',
25 silly addNameRange     '3.18.2',
25 silly addNameRange     '4.10.1',
25 silly addNameRange     '5.0.0-alpha.1',
25 silly addNameRange     '3.18.3',
25 silly addNameRange     '4.10.2',
25 silly addNameRange     '3.18.4',
25 silly addNameRange     '4.10.3',
25 silly addNameRange     '4.10.4' ] ]
26 verbose addNamed [ 'express', '4.10.4' ]
27 verbose addNamed [ '4.10.4', '4.10.4' ]
28 silly lockFile c05f2c08-express-4-10-4 express@4.10.4
29 verbose lock express@4.10.4 /Users/chuanruili/.npm/c05f2c08-express-4-10-4.lock
30 silly lockFile 65e17ce9-s-org-express-express-4-10-4-tgz https://registry.npmjs.org/express/-/express-4.10.4.tgz
31 verbose lock https://registry.npmjs.org/express/-/express-4.10.4.tgz /Users/chuanruili/.npm/65e17ce9-s-org-express-express-4-10-4-tgz.lock
32 verbose addRemoteTarball [ 'https://registry.npmjs.org/express/-/express-4.10.4.tgz',
32 verbose addRemoteTarball   '31aa70acdad6b6093945c30523df8537336deb58' ]
33 info retry fetch attempt 1 at 15:34:34
34 verbose fetch to= /var/folders/dy/97vn0385173233cf68km0d4r0000gn/T/npm-776-6s6D2ZC0/registry.npmjs.org/express/-/express-4.10.4.tgz
35 http GET https://registry.npmjs.org/express/-/express-4.10.4.tgz
36 http 200 https://registry.npmjs.org/express/-/express-4.10.4.tgz
37 silly lockFile 65e17ce9-s-org-express-express-4-10-4-tgz https://registry.npmjs.org/express/-/express-4.10.4.tgz
38 silly lockFile 65e17ce9-s-org-express-express-4-10-4-tgz https://registry.npmjs.org/express/-/express-4.10.4.tgz
39 silly lockFile c05f2c08-express-4-10-4 express@4.10.4
40 silly lockFile c05f2c08-express-4-10-4 express@4.10.4
41 silly lockFile 64a534c1-express express@
42 silly lockFile 64a534c1-express express@
43 silly resolved [ { name: 'express',
43 silly resolved     description: 'Fast, unopinionated, minimalist web framework',
43 silly resolved     version: '4.10.4',
43 silly resolved     author: { name: 'TJ Holowaychuk', email: 'tj@vision-media.ca' },
43 silly resolved     contributors:
43 silly resolved      [ [Object],
43 silly resolved        [Object],
43 silly resolved        [Object],
43 silly resolved        [Object],
43 silly resolved        [Object],
43 silly resolved        [Object],
43 silly resolved        [Object] ],
43 silly resolved     license: 'MIT',
43 silly resolved     repository: { type: 'git', url: 'https://github.com/strongloop/express' },
43 silly resolved     homepage: 'http://expressjs.com/',
43 silly resolved     keywords:
43 silly resolved      [ 'express',
43 silly resolved        'framework',
43 silly resolved        'sinatra',
43 silly resolved        'web',
43 silly resolved        'rest',
43 silly resolved        'restful',
43 silly resolved        'router',
43 silly resolved        'app',
43 silly resolved        'api' ],
43 silly resolved     dependencies:
43 silly resolved      { accepts: '~1.1.3',
43 silly resolved        'content-disposition': '0.5.0',
43 silly resolved        'cookie-signature': '1.0.5',
43 silly resolved        debug: '~2.1.0',
43 silly resolved        depd: '~1.0.0',
43 silly resolved        'escape-html': '1.0.1',
43 silly resolved        etag: '~1.5.1',
43 silly resolved        finalhandler: '0.3.2',
43 silly resolved        fresh: '0.2.4',
43 silly resolved        'media-typer': '0.3.0',
43 silly resolved        methods: '1.1.0',
43 silly resolved        'on-finished': '~2.1.1',
43 silly resolved        parseurl: '~1.3.0',
43 silly resolved        'path-to-regexp': '0.1.3',
43 silly resolved        'proxy-addr': '~1.0.4',
43 silly resolved        qs: '2.3.3',
43 silly resolved        'range-parser': '~1.0.2',
43 silly resolved        send: '0.10.1',
43 silly resolved        'serve-static': '~1.7.1',
43 silly resolved        'type-is': '~1.5.3',
43 silly resolved        vary: '~1.0.0',
43 silly resolved        cookie: '0.1.2',
43 silly resolved        'merge-descriptors': '0.0.2',
43 silly resolved        'utils-merge': '1.0.0' },
43 silly resolved     devDependencies:
43 silly resolved      { after: '0.8.1',
43 silly resolved        istanbul: '0.3.2',
43 silly resolved        mocha: '~2.0.0',
43 silly resolved        should: '~4.3.0',
43 silly resolved        supertest: '~0.15.0',
43 silly resolved        ejs: '~1.0.0',
43 silly resolved        marked: '0.3.2',
43 silly resolved        hjs: '~0.0.6',
43 silly resolved        'body-parser': '~1.9.3',
43 silly resolved        'connect-redis': '~2.1.0',
43 silly resolved        'cookie-parser': '~1.3.3',
43 silly resolved        'express-session': '~1.9.2',
43 silly resolved        jade: '~1.7.0',
43 silly resolved        'method-override': '~2.3.0',
43 silly resolved        morgan: '~1.5.0',
43 silly resolved        multiparty: '~4.0.0',
43 silly resolved        vhost: '~3.0.0' },
43 silly resolved     engines: { node: '>= 0.10.0' },
43 silly resolved     files: [ 'LICENSE', 'History.md', 'Readme.md', 'index.js', 'lib/' ],
43 silly resolved     scripts:
43 silly resolved      { test: 'mocha --require test/support/env --reporter spec --bail --check-leaks test/ test/acceptance/',
43 silly resolved        'test-cov': 'istanbul cover node_modules/mocha/bin/_mocha -- --require test/support/env --reporter dot --check-leaks test/ test/acceptance/',
43 silly resolved        'test-tap': 'mocha --require test/support/env --reporter tap --check-leaks test/ test/acceptance/',
43 silly resolved        'test-travis': 'istanbul cover node_modules/mocha/bin/_mocha --report lcovonly -- --require test/support/env --reporter spec --check-leaks test/ test/acceptance/' },
43 silly resolved     gitHead: '656e214937889536b0faa73097422061315496f2',
43 silly resolved     bugs: { url: 'https://github.com/strongloop/express/issues' },
43 silly resolved     _id: 'express@4.10.4',
43 silly resolved     _shasum: '31aa70acdad6b6093945c30523df8537336deb58',
43 silly resolved     _from: 'express@',
43 silly resolved     _npmVersion: '1.4.21',
43 silly resolved     _npmUser: { name: 'dougwilson', email: 'doug@somethingdoug.com' },
43 silly resolved     maintainers:
43 silly resolved      [ [Object],
43 silly resolved        [Object],
43 silly resolved        [Object],
43 silly resolved        [Object],
43 silly resolved        [Object],
43 silly resolved        [Object],
43 silly resolved        [Object] ],
43 silly resolved     dist:
43 silly resolved      { shasum: '31aa70acdad6b6093945c30523df8537336deb58',
43 silly resolved        tarball: 'http://registry.npmjs.org/express/-/express-4.10.4.tgz' },
43 silly resolved     directories: {},
43 silly resolved     _resolved: 'https://registry.npmjs.org/express/-/express-4.10.4.tgz' } ]
44 info install express@4.10.4 into /Users/chuanruili/.nvm/v0.10.29/lib
45 info installOne express@4.10.4
46 info /Users/chuanruili/.nvm/v0.10.29/lib/node_modules/express unbuild
47 info preuninstall express@3.4.8
48 info uninstall express@3.4.8
49 verbose true,/Users/chuanruili/.nvm/v0.10.29/lib/node_modules,/Users/chuanruili/.nvm/v0.10.29/lib/node_modules unbuild express@3.4.8
50 verbose /Users/chuanruili/.nvm/v0.10.29/bin,[object Object] binRoot
51 info postuninstall express@3.4.8
52 info /Users/chuanruili/.nvm/v0.10.29/lib/node_modules/express unbuild
53 info preuninstall express@3.4.8
54 info uninstall express@3.4.8
55 verbose true,/Users/chuanruili/.nvm/v0.10.29/lib/node_modules,/Users/chuanruili/.nvm/v0.10.29/lib/node_modules unbuild express@3.4.8
56 verbose /Users/chuanruili/.nvm/v0.10.29/bin,[object Object] binRoot
57 info postuninstall express@3.4.8
58 error error rolling back Error: EACCES, unlink '/Users/chuanruili/.nvm/v0.10.29/lib/node_modules/express/.npmignore'
58 error error rolling back  express@4.10.4 { [Error: EACCES, unlink '/Users/chuanruili/.nvm/v0.10.29/lib/node_modules/express/.npmignore']
58 error error rolling back   errno: 3,
58 error error rolling back   code: 'EACCES',
58 error error rolling back   path: '/Users/chuanruili/.nvm/v0.10.29/lib/node_modules/express/.npmignore' }
59 error Error: EACCES, unlink '/Users/chuanruili/.nvm/v0.10.29/lib/node_modules/express/.npmignore'
59 error  { [Error: EACCES, unlink '/Users/chuanruili/.nvm/v0.10.29/lib/node_modules/express/.npmignore']
59 error   errno: 3,
59 error   code: 'EACCES',
59 error   path: '/Users/chuanruili/.nvm/v0.10.29/lib/node_modules/express/.npmignore' }
60 error Please try running this command again as root/Administrator.
61 error System Darwin 12.5.0
62 error command "/Users/chuanruili/.nvm/v0.10.29/bin/node" "/Users/chuanruili/.nvm/v0.10.29/bin/npm" "install" "-g" "express"
63 error cwd /Users/chuanruili/Desktop/Courseplanner
64 error node -v v0.10.29
65 error npm -v 1.4.14
66 error path /Users/chuanruili/.nvm/v0.10.29/lib/node_modules/express/.npmignore
67 error code EACCES
68 error errno 3
69 error stack Error: EACCES, unlink '/Users/chuanruili/.nvm/v0.10.29/lib/node_modules/express/.npmignore'
70 verbose exit [ 3, true ]
