0 info it worked if it ends with ok
1 verbose cli [ 'node', '/usr/local/bin/npm', 'install' ]
2 info using npm@1.4.28
3 info using node@v0.10.33
4 warn package.json node-api@ No description
5 warn package.json node-api@ No repository field.
6 warn package.json node-api@ No README data
7 verbose readDependencies using package.json deps
8 verbose install where, deps [ '/Users/chuanrui/Documents/Courseplanner/server',
8 verbose install   [ 'express', 'mongoose', 'body-parser', 'q' ] ]
9 info preinstall node-api@
10 verbose readDependencies using package.json deps
11 verbose already installed skipping express@~4.0.0 /Users/chuanrui/Documents/Courseplanner/server
12 verbose already installed skipping mongoose@~3.6.13 /Users/chuanrui/Documents/Courseplanner/server
13 verbose already installed skipping body-parser@~1.0.1 /Users/chuanrui/Documents/Courseplanner/server
14 verbose cache add [ 'q@~', null ]
15 verbose cache add name=undefined spec="q@~" args=["q@~",null]
16 verbose parsed url { protocol: null,
16 verbose parsed url   slashes: null,
16 verbose parsed url   auth: null,
16 verbose parsed url   host: null,
16 verbose parsed url   port: null,
16 verbose parsed url   hostname: null,
16 verbose parsed url   hash: null,
16 verbose parsed url   search: null,
16 verbose parsed url   query: null,
16 verbose parsed url   pathname: 'q@~',
16 verbose parsed url   path: 'q@~',
16 verbose parsed url   href: 'q@~' }
17 verbose cache add name="q" spec="~" args=["q","~"]
18 verbose parsed url { protocol: null,
18 verbose parsed url   slashes: null,
18 verbose parsed url   auth: null,
18 verbose parsed url   host: null,
18 verbose parsed url   port: null,
18 verbose parsed url   hostname: null,
18 verbose parsed url   hash: null,
18 verbose parsed url   search: null,
18 verbose parsed url   query: null,
18 verbose parsed url   pathname: '~',
18 verbose parsed url   path: '~',
18 verbose parsed url   href: '~' }
19 verbose addNamed [ 'q', '~' ]
20 verbose addNamed [ null, null ]
21 silly lockFile 16bcabd3-q q@~
22 verbose lock q@~ /Users/chuanrui/.npm/16bcabd3-q.lock
23 info addNameTag [ 'q', '~' ]
24 verbose request where is /q
25 verbose request registry https://registry.npmjs.org/
26 verbose request id 49b392b91d588c31
27 verbose url raw /q
28 verbose url resolving [ 'https://registry.npmjs.org/', './q' ]
29 verbose url resolved https://registry.npmjs.org/q
30 verbose request where is https://registry.npmjs.org/q
31 info trying registry request attempt 1 at 01:37:48
32 verbose etag "AYJS4YIRJ6H3F3O9BVDSDSMY6"
33 http GET https://registry.npmjs.org/q
34 http 304 https://registry.npmjs.org/q
35 silly registry.get cb [ 304,
35 silly registry.get   { date: 'Sun, 30 Nov 2014 06:37:49 GMT',
35 silly registry.get     server: 'Apache',
35 silly registry.get     via: '1.1 varnish',
35 silly registry.get     'last-modified': 'Sun, 30 Nov 2014 06:37:49 GMT',
35 silly registry.get     'cache-control': 'max-age=60',
35 silly registry.get     etag: '"AYJS4YIRJ6H3F3O9BVDSDSMY6"',
35 silly registry.get     age: '19',
35 silly registry.get     'x-served-by': 'cache-ord1730-ORD',
35 silly registry.get     'x-cache': 'HIT',
35 silly registry.get     'x-cache-hits': '1',
35 silly registry.get     'x-timer': 'S1417329469.871279,VS0,VE0',
35 silly registry.get     vary: 'Accept',
35 silly registry.get     'content-length': '0',
35 silly registry.get     'keep-alive': 'timeout=10, max=50',
35 silly registry.get     connection: 'Keep-Alive' } ]
36 verbose etag https://registry.npmjs.org/q from cache
37 silly lockFile 16bcabd3-q q@~
38 silly lockFile 16bcabd3-q q@~
39 error notarget No compatible version found: q@'~'
39 error notarget Valid install targets:
39 error notarget ["0.0.0","0.0.1","0.0.2","0.0.3","0.1.0","0.1.1","0.1.2","0.1.3","0.1.4","0.1.5","0.1.6","0.1.7","0.1.8","0.1.9","0.2.0-rc1","0.2.0","0.2.1","0.2.2","0.2.3","0.2.4","0.2.5","0.2.6","0.2.7","0.2.8","0.2.9","0.3.0","0.2.10","0.4.0","0.4.1","0.4.2","0.4.4","0.5.0","0.5.1","0.5.2","0.5.3","0.6.0","0.7.0","0.7.1","0.7.2","0.8.0","0.8.1","0.8.2","0.8.3","0.8.4","0.8.5","0.8.6","0.8.7","0.8.8","0.8.9","0.8.10","0.8.11","0.8.12","0.9.0","0.9.1","0.9.2","0.9.3","0.9.4","0.9.5","0.9.6","0.9.7","1.0.0","1.0.1","2.0.0","2.0.1","2.0.2","1.1.0","1.1.1","1.1.2"]
39 error notarget
39 error notarget This is most likely not a problem with npm itself.
39 error notarget In most cases you or one of your dependencies are requesting
39 error notarget a package version that doesn't exist.
40 error System Darwin 13.3.0
41 error command "node" "/usr/local/bin/npm" "install"
42 error cwd /Users/chuanrui/Documents/Courseplanner/server
43 error node -v v0.10.33
44 error npm -v 1.4.28
45 error code ETARGET
46 verbose exit [ 1, true ]
